1774595429683	geckodriver	INFO	Listening on 127.0.0.1:60781
1774595432798	mozrunner::runner	INFO	Running command: "C:\\Program Files (x86)\\Mozilla Firefox\\firefox.exe" "--marionette" "--remote-debugging-port" "60782" "--remote-allow-hosts" "localhost" "-no-remote" "-profile" "C:\\Users\\gomti\\AppData\\Local\\Temp\\rust_mozprofileaM5ZbG"
console.warn: services.settings: Ignoring preference override of remote settings server
console.warn: services.settings: Allow by setting MOZ_REMOTE_SETTINGS_DEVTOOLS=1 in the environment
Dynamically enable window occlusion 0
1774595433881	Marionette	INFO	Marionette enabled
1774595434082	Marionette	INFO	Listening on port 60789
Read port: 60789
WebDriver BiDi listening on ws://127.0.0.1:60782
1774595434395	RemoteAgent	WARN	TLS certificate errors will be ignored for this session
JavaScript warning: https://sdk.kleekr.com/mediation/native.js?t=492943, line 1: unreachable code after return statement
1774595444000	Marionette	INFO	Stopped listening on port 60789
Dynamically enable window occlusion 1
JavaScript warning: https://ep1.adtrafficquality.google/bg/EOVqvXhKFcos_YQFe5huuVzo6NcForoxS9zD6hTGG0k.js line 2 > eval line 6705 > eval line 1 > eval line 1 > eval, line 1: Script terminated by timeout at:
D3@https://ep1.adtrafficquality.google/bg/EOVqvXhKFcos_YQFe5huuVzo6NcForoxS9zD6hTGG0k.js line 2 > eval line 6705 > eval line 1 > eval line 1 > eval:1:118
Ah@https://ep1.adtrafficquality.google/bg/EOVqvXhKFcos_YQFe5huuVzo6NcForoxS9zD6hTGG0k.js line 2 > eval line 6705 > eval line 1 > eval line 1 > eval:1:39
m@https://ep1.adtrafficquality.google/bg/EOVqvXhKFcos_YQFe5huuVzo6NcForoxS9zD6hTGG0k.js line 2 > eval line 6705 > eval line 1 > eval line 1 > eval:1:254
@https://ep1.adtrafficquality.google/bg/EOVqvXhKFcos_YQFe5huuVzo6NcForoxS9zD6hTGG0k.js line 2 > eval line 6705 > eval line 1 > eval line 1 > eval:1:147
Pb@https://ep1.adtrafficquality.google/bg/EOVqvXhKFcos_YQFe5huuVzo6NcForoxS9zD6hTGG0k.js line 2 > eval line 6705 > eval line 1 > eval line 1 > eval:1:198
Yj@https://ep1.adtrafficquality.google/bg/EOVqvXhKFcos_YQFe5huuVzo6NcForoxS9zD6hTGG0k.js line 2 > eval line 6705 > eval line 1 > eval line 1 > eval:1:45
F.K</<@https://ep1.adtrafficquality.google/bg/EOVqvXhKFcos_YQFe5huuVzo6NcForoxS9zD6hTGG0k.js line 2 > eval:6705:52978
wH@https://ep1.adtrafficquality.google/bg/EOVqvXhKFcos_YQFe5huuVzo6NcForoxS9zD6hTGG0k.js line 2 > eval:6705:21271
Y8@https://ep1.adtrafficquality.google/bg/EOVqvXhKFcos_YQFe5huuVzo6NcForoxS9zD6hTGG0k.js line 2 > eval:6705:6375
n@https://ep1.adtrafficquality.google/bg/EOVqvXhKFcos_YQFe5huuVzo6NcForoxS9zD6hTGG0k.js line 2 > eval:6705:10026
Y8/<@https://ep1.adtrafficquality.google/bg/EOVqvXhKFcos_YQFe5huuVzo6NcForoxS9zD6hTGG0k.js line 2 > eval:6705:6809
lE</<@https://ep1.adtrafficquality.google/bg/EOVqvXhKFcos_YQFe5huuVzo6NcForoxS9zD6hTGG0k.js line 2 > eval:6705:50763

JavaScript error: , line 0: TypeError: NetworkError when attempting to fetch resource.
console.error: "Failed to fetch https://spocs.getpocket.com/user:" "NetworkError when attempting to fetch resource."
console.error: (new TypeError("NetworkError when attempting to fetch resource.", ""))
console.error: (new Error("OHTTP was configured for https://ads.mozilla.org/v1/delete_user but we couldn't fetch a valid config", "moz-src:///browser/modules/ContextId.sys.mjs", 234))
console.warn: TopSitesFeed: Failed to fetch data from MARS server: NetworkError when attempting to fetch resource.
JavaScript error: resource://gre/modules/ObliviousHTTP.sys.mjs, line 117: NS_ERROR_XPC_CANT_CONVERT_PRIMITIVE_TO_ARRAY: Cannot convert primitive JavaScript value into an array arg 2 [nsIObliviousHttpService.newChannel]
